<?xml version="1.0" encoding="UTF-8"?>
<!-- Generated by org.testng.reporters.JUnitReportReporter -->
<testsuite skipped="0" hostname="DESKTOP-KRLAL0I" name="com.myproject.Durgasoft4_30PMBatch.TC_001" tests="1" failures="0" timestamp="22 Jan 2019 11:43:56 GMT" time="13.476" errors="0">
  <testcase name="f" time="13.476" classname="com.myproject.Durgasoft4_30PMBatch.TC_001"/>
</testsuite> <!-- com.myproject.Durgasoft4_30PMBatch.TC_001 -->
